{
  "0 debug pnpm:scope": {
    "selected": 1
  },
  "1 error pnpm": {
    "code": "ELIFECYCLE",
    "errno": "ENOENT",
    "syscall": "spawn",
    "file": "sh",
    "pkgid": "@",
    "stage": "demo",
    "script": "webpack-dev-server --open",
    "err": {
      "name": "pnpm",
      "message": "@ demo: `webpack-dev-server --open`\nspawn ENOENT",
      "code": "ELIFECYCLE",
      "stack": "pnpm: @ demo: `webpack-dev-server --open`\nspawn ENOENT\n    at ChildProcess.<anonymous> (/usr/local/lib/node_modules/pnpm/dist/pnpm.cjs:92187:22)\n    at ChildProcess.emit (events.js:376:20)\n    at maybeClose (internal/child_process.js:1055:16)\n    at Process.ChildProcess._handle.onexit (internal/child_process.js:288:5)"
    }
  },
  "2 warn pnpm:global": " Local package.json exists, but node_modules missing, did you mean to install?"
}